Generated at 2017-08-27 10:36:17 +0000
NameError: uninitialized constant Opscode::IIS::Processors
Did you mean?  Process
c:/chef/chef-solo/cookbooks/iis/resources/site.rb:24:in `class_from_file'
C:/opscode/chefdk/embedded/lib/ruby/gems/2.4.0/gems/chef-13.2.20-universal-mingw32/lib/chef/mixin/from_file.rb:42:in `class_eval'
C:/opscode/chefdk/embedded/lib/ruby/gems/2.4.0/gems/chef-13.2.20-universal-mingw32/lib/chef/mixin/from_file.rb:42:in `class_from_file'
C:/opscode/chefdk/embedded/lib/ruby/gems/2.4.0/gems/chef-13.2.20-universal-mingw32/lib/chef/resource/lwrp_base.rb:58:in `build_from_file'
C:/opscode/chefdk/embedded/lib/ruby/gems/2.4.0/gems/chef-13.2.20-universal-mingw32/lib/chef/run_context/cookbook_compiler.rb:253:in `load_lwrp_resource'
C:/opscode/chefdk/embedded/lib/ruby/gems/2.4.0/gems/chef-13.2.20-universal-mingw32/lib/chef/run_context/cookbook_compiler.rb:238:in `block in load_lwrps_from_cookbook'
C:/opscode/chefdk/embedded/lib/ruby/gems/2.4.0/gems/chef-13.2.20-universal-mingw32/lib/chef/run_context/cookbook_compiler.rb:237:in `each'
C:/opscode/chefdk/embedded/lib/ruby/gems/2.4.0/gems/chef-13.2.20-universal-mingw32/lib/chef/run_context/cookbook_compiler.rb:237:in `load_lwrps_from_cookbook'
C:/opscode/chefdk/embedded/lib/ruby/gems/2.4.0/gems/chef-13.2.20-universal-mingw32/lib/chef/run_context/cookbook_compiler.rb:143:in `block in compile_lwrps'
C:/opscode/chefdk/embedded/lib/ruby/gems/2.4.0/gems/chef-13.2.20-universal-mingw32/lib/chef/run_context/cookbook_compiler.rb:142:in `each'
C:/opscode/chefdk/embedded/lib/ruby/gems/2.4.0/gems/chef-13.2.20-universal-mingw32/lib/chef/run_context/cookbook_compiler.rb:142:in `compile_lwrps'
C:/opscode/chefdk/embedded/lib/ruby/gems/2.4.0/gems/chef-13.2.20-universal-mingw32/lib/chef/run_context/cookbook_compiler.rb:75:in `compile'
C:/opscode/chefdk/embedded/lib/ruby/gems/2.4.0/gems/chef-13.2.20-universal-mingw32/lib/chef/run_context.rb:192:in `load'
C:/opscode/chefdk/embedded/lib/ruby/gems/2.4.0/gems/chef-13.2.20-universal-mingw32/lib/chef/policy_builder/expand_node_object.rb:97:in `setup_run_context'
C:/opscode/chefdk/embedded/lib/ruby/gems/2.4.0/gems/chef-13.2.20-universal-mingw32/lib/chef/client.rb:513:in `setup_run_context'
C:/opscode/chefdk/embedded/lib/ruby/gems/2.4.0/gems/chef-13.2.20-universal-mingw32/lib/chef/client.rb:281:in `run'
C:/opscode/chefdk/embedded/lib/ruby/gems/2.4.0/gems/chef-13.2.20-universal-mingw32/lib/chef/application.rb:273:in `run_with_graceful_exit_option'
C:/opscode/chefdk/embedded/lib/ruby/gems/2.4.0/gems/chef-13.2.20-universal-mingw32/lib/chef/application.rb:249:in `block in run_chef_client'
C:/opscode/chefdk/embedded/lib/ruby/gems/2.4.0/gems/chef-13.2.20-universal-mingw32/lib/chef/local_mode.rb:44:in `with_server_connectivity'
C:/opscode/chefdk/embedded/lib/ruby/gems/2.4.0/gems/chef-13.2.20-universal-mingw32/lib/chef/application.rb:232:in `run_chef_client'
C:/opscode/chefdk/embedded/lib/ruby/gems/2.4.0/gems/chef-13.2.20-universal-mingw32/lib/chef/application/client.rb:469:in `sleep_then_run_chef_client'
C:/opscode/chefdk/embedded/lib/ruby/gems/2.4.0/gems/chef-13.2.20-universal-mingw32/lib/chef/application/client.rb:458:in `block in interval_run_chef_client'
C:/opscode/chefdk/embedded/lib/ruby/gems/2.4.0/gems/chef-13.2.20-universal-mingw32/lib/chef/application/client.rb:457:in `loop'
C:/opscode/chefdk/embedded/lib/ruby/gems/2.4.0/gems/chef-13.2.20-universal-mingw32/lib/chef/application/client.rb:457:in `interval_run_chef_client'
C:/opscode/chefdk/embedded/lib/ruby/gems/2.4.0/gems/chef-13.2.20-universal-mingw32/lib/chef/application/client.rb:441:in `run_application'
C:/opscode/chefdk/embedded/lib/ruby/gems/2.4.0/gems/chef-13.2.20-universal-mingw32/lib/chef/application.rb:59:in `run'
C:/opscode/chefdk/embedded/lib/ruby/gems/2.4.0/gems/chef-13.2.20-universal-mingw32/lib/chef/application/solo.rb:225:in `run'
C:/opscode/chefdk/embedded/lib/ruby/gems/2.4.0/gems/chef-13.2.20-universal-mingw32/bin/chef-solo:25:in `<top (required)>'
C:/opscode/chefdk/embedded/bin/chef-solo:22:in `load'
C:/opscode/chefdk/embedded/bin/chef-solo:22:in `<main>'