Generated at 2017-08-27 04:29:41 +0000
Net::HTTPFatalError: 500 "Internal Server Error"
C:/opscode/chefdk/embedded/lib/ruby/2.4.0/net/http/response.rb:122:in `error!'
C:/opscode/chefdk/embedded/lib/ruby/gems/2.4.0/gems/chef-13.2.20-universal-mingw32/lib/chef/http.rb:152:in `request'
C:/opscode/chefdk/embedded/lib/ruby/gems/2.4.0/gems/chef-13.2.20-universal-mingw32/lib/chef/http.rb:131:in `post'
C:/opscode/chefdk/embedded/lib/ruby/gems/2.4.0/gems/chef-13.2.20-universal-mingw32/lib/chef/node.rb:610:in `create'
C:/opscode/chefdk/embedded/lib/ruby/gems/2.4.0/gems/chef-13.2.20-universal-mingw32/lib/chef/node.rb:568:in `rescue in find_or_create'
C:/opscode/chefdk/embedded/lib/ruby/gems/2.4.0/gems/chef-13.2.20-universal-mingw32/lib/chef/node.rb:564:in `find_or_create'
C:/opscode/chefdk/embedded/lib/ruby/gems/2.4.0/gems/chef-13.2.20-universal-mingw32/lib/chef/policy_builder/dynamic.rb:72:in `load_node'
C:/opscode/chefdk/embedded/lib/ruby/gems/2.4.0/gems/chef-13.2.20-universal-mingw32/lib/chef/client.rb:470:in `load_node'
C:/opscode/chefdk/embedded/lib/ruby/gems/2.4.0/gems/chef-13.2.20-universal-mingw32/lib/chef/client.rb:270:in `run'
C:/opscode/chefdk/embedded/lib/ruby/gems/2.4.0/gems/chef-13.2.20-universal-mingw32/lib/chef/application.rb:273:in `run_with_graceful_exit_option'
C:/opscode/chefdk/embedded/lib/ruby/gems/2.4.0/gems/chef-13.2.20-universal-mingw32/lib/chef/application.rb:249:in `block in run_chef_client'
C:/opscode/chefdk/embedded/lib/ruby/gems/2.4.0/gems/chef-13.2.20-universal-mingw32/lib/chef/local_mode.rb:44:in `with_server_connectivity'
C:/opscode/chefdk/embedded/lib/ruby/gems/2.4.0/gems/chef-13.2.20-universal-mingw32/lib/chef/application.rb:232:in `run_chef_client'
C:/opscode/chefdk/embedded/lib/ruby/gems/2.4.0/gems/chef-13.2.20-universal-mingw32/lib/chef/application/client.rb:469:in `sleep_then_run_chef_client'
C:/opscode/chefdk/embedded/lib/ruby/gems/2.4.0/gems/chef-13.2.20-universal-mingw32/lib/chef/application/client.rb:458:in `block in interval_run_chef_client'
C:/opscode/chefdk/embedded/lib/ruby/gems/2.4.0/gems/chef-13.2.20-universal-mingw32/lib/chef/application/client.rb:457:in `loop'
C:/opscode/chefdk/embedded/lib/ruby/gems/2.4.0/gems/chef-13.2.20-universal-mingw32/lib/chef/application/client.rb:457:in `interval_run_chef_client'
C:/opscode/chefdk/embedded/lib/ruby/gems/2.4.0/gems/chef-13.2.20-universal-mingw32/lib/chef/application/client.rb:441:in `run_application'
C:/opscode/chefdk/embedded/lib/ruby/gems/2.4.0/gems/chef-13.2.20-universal-mingw32/lib/chef/application.rb:59:in `run'
C:/opscode/chefdk/embedded/lib/ruby/gems/2.4.0/gems/chef-13.2.20-universal-mingw32/lib/chef/application/solo.rb:225:in `run'
C:/opscode/chefdk/embedded/lib/ruby/gems/2.4.0/gems/chef-13.2.20-universal-mingw32/bin/chef-solo:25:in `<top (required)>'
C:/opscode/chefdk/bin/chef-solo:275:in `load'
C:/opscode/chefdk/bin/chef-solo:275:in `<main>'

>>>> Caused by Net::HTTPServerException: 404 "Not Found"
C:/opscode/chefdk/embedded/lib/ruby/2.4.0/net/http/response.rb:122:in `error!'
C:/opscode/chefdk/embedded/lib/ruby/gems/2.4.0/gems/chef-13.2.20-universal-mingw32/lib/chef/http.rb:152:in `request'
C:/opscode/chefdk/embedded/lib/ruby/gems/2.4.0/gems/chef-13.2.20-universal-mingw32/lib/chef/http.rb:115:in `get'
C:/opscode/chefdk/embedded/lib/ruby/gems/2.4.0/gems/chef-13.2.20-universal-mingw32/lib/chef/node.rb:580:in `load'
C:/opscode/chefdk/embedded/lib/ruby/gems/2.4.0/gems/chef-13.2.20-universal-mingw32/lib/chef/node.rb:564:in `find_or_create'
C:/opscode/chefdk/embedded/lib/ruby/gems/2.4.0/gems/chef-13.2.20-universal-mingw32/lib/chef/policy_builder/dynamic.rb:72:in `load_node'
C:/opscode/chefdk/embedded/lib/ruby/gems/2.4.0/gems/chef-13.2.20-universal-mingw32/lib/chef/client.rb:470:in `load_node'
C:/opscode/chefdk/embedded/lib/ruby/gems/2.4.0/gems/chef-13.2.20-universal-mingw32/lib/chef/client.rb:270:in `run'
C:/opscode/chefdk/embedded/lib/ruby/gems/2.4.0/gems/chef-13.2.20-universal-mingw32/lib/chef/application.rb:273:in `run_with_graceful_exit_option'
C:/opscode/chefdk/embedded/lib/ruby/gems/2.4.0/gems/chef-13.2.20-universal-mingw32/lib/chef/application.rb:249:in `block in run_chef_client'
C:/opscode/chefdk/embedded/lib/ruby/gems/2.4.0/gems/chef-13.2.20-universal-mingw32/lib/chef/local_mode.rb:44:in `with_server_connectivity'
C:/opscode/chefdk/embedded/lib/ruby/gems/2.4.0/gems/chef-13.2.20-universal-mingw32/lib/chef/application.rb:232:in `run_chef_client'
C:/opscode/chefdk/embedded/lib/ruby/gems/2.4.0/gems/chef-13.2.20-universal-mingw32/lib/chef/application/client.rb:469:in `sleep_then_run_chef_client'
C:/opscode/chefdk/embedded/lib/ruby/gems/2.4.0/gems/chef-13.2.20-universal-mingw32/lib/chef/application/client.rb:458:in `block in interval_run_chef_client'
C:/opscode/chefdk/embedded/lib/ruby/gems/2.4.0/gems/chef-13.2.20-universal-mingw32/lib/chef/application/client.rb:457:in `loop'
C:/opscode/chefdk/embedded/lib/ruby/gems/2.4.0/gems/chef-13.2.20-universal-mingw32/lib/chef/application/client.rb:457:in `interval_run_chef_client'
C:/opscode/chefdk/embedded/lib/ruby/gems/2.4.0/gems/chef-13.2.20-universal-mingw32/lib/chef/application/client.rb:441:in `run_application'
C:/opscode/chefdk/embedded/lib/ruby/gems/2.4.0/gems/chef-13.2.20-universal-mingw32/lib/chef/application.rb:59:in `run'
C:/opscode/chefdk/embedded/lib/ruby/gems/2.4.0/gems/chef-13.2.20-universal-mingw32/lib/chef/application/solo.rb:225:in `run'
C:/opscode/chefdk/embedded/lib/ruby/gems/2.4.0/gems/chef-13.2.20-universal-mingw32/bin/chef-solo:25:in `<top (required)>'
C:/opscode/chefdk/bin/chef-solo:275:in `load'
C:/opscode/chefdk/bin/chef-solo:275:in `<main>'